<?xml version="1.0" encoding="UTF-8"?>
<testsuite name="Smoke Test"
           tests="2"
           failures="1"
           errors="0"
           skipped="1"
           time="58.290">
  <properties />
            <testcase name="setUp" time="58.290" classname="com.nopcommerce.demo.testsuite.ElectronicMenu">
                <failure type="org.openqa.selenium.SessionNotCreatedException"
                  message="Could not start a new session. Possible causes are invalid address of the remote server or browser start-up failure. 
Host info: host: &apos;ECODINING&apos;, ip: &apos;192.168.0.21&apos;"
              >
<![CDATA[org.openqa.selenium.SessionNotCreatedException: Could not start a new session. Possible causes are invalid address of the remote server or browser start-up failure. 
Host info: host: 'ECODINING', ip: '192.168.0.21'
  org.openqa.selenium.remote.RemoteWebDriver.execute(RemoteWebDriver.java:561)
  org.openqa.selenium.remote.RemoteWebDriver.startSession(RemoteWebDriver.java:229)
  org.openqa.selenium.remote.RemoteWebDriver.<init>(RemoteWebDriver.java:157)
  org.openqa.selenium.chromium.ChromiumDriver.<init>(ChromiumDriver.java:101)
  org.openqa.selenium.chrome.ChromeDriver.<init>(ChromeDriver.java:88)
  org.openqa.selenium.chrome.ChromeDriver.<init>(ChromeDriver.java:84)
  org.openqa.selenium.chrome.ChromeDriver.<init>(ChromeDriver.java:52)
  com.nopcommerce.demo.browserfactory.ManageBrowser.selectBrowser(ManageBrowser.java:25)
  com.nopcommerce.demo.testbase.BaseTest.setUp(BaseTest.java:15)
  sun.reflect.NativeMethodAccessorImpl.invoke0(Native Method)
  sun.reflect.NativeMethodAccessorImpl.invoke(NativeMethodAccessorImpl.java:62)
  sun.reflect.DelegatingMethodAccessorImpl.invoke(DelegatingMethodAccessorImpl.java:43)
  java.lang.reflect.Method.invoke(Method.java:498)
  org.testng.internal.invokers.MethodInvocationHelper.invokeMethod(MethodInvocationHelper.java:135)
  org.testng.internal.invokers.MethodInvocationHelper.invokeMethodConsideringTimeout(MethodInvocationHelper.java:65)
  org.testng.internal.invokers.ConfigInvoker.invokeConfigurationMethod(ConfigInvoker.java:381)
  org.testng.internal.invokers.ConfigInvoker.invokeConfigurations(ConfigInvoker.java:319)
  org.testng.internal.invokers.TestInvoker.runConfigMethods(TestInvoker.java:803)
  org.testng.internal.invokers.TestInvoker.invokeMethod(TestInvoker.java:589)
  org.testng.internal.invokers.TestInvoker.invokeTestMethod(TestInvoker.java:220)
  org.testng.internal.invokers.MethodRunner.runInSequence(MethodRunner.java:50)
  org.testng.internal.invokers.TestInvoker$MethodInvocationAgent.invoke(TestInvoker.java:945)
  org.testng.internal.invokers.TestInvoker.invokeTestMethods(TestInvoker.java:193)
  org.testng.internal.invokers.TestMethodWorker.invokeTestMethods(TestMethodWorker.java:146)
  org.testng.internal.invokers.TestMethodWorker.run(TestMethodWorker.java:128)
  java.util.ArrayList.forEach(ArrayList.java:1249)
  org.testng.TestRunner.privateRun(TestRunner.java:808)
  org.testng.TestRunner.run(TestRunner.java:603)
  org.testng.SuiteRunner.runTest(SuiteRunner.java:429)
  org.testng.SuiteRunner.runSequentially(SuiteRunner.java:423)
  org.testng.SuiteRunner.privateRun(SuiteRunner.java:383)
  org.testng.SuiteRunner.run(SuiteRunner.java:326)
  org.testng.SuiteRunnerWorker.runSuite(SuiteRunnerWorker.java:52)
  org.testng.SuiteRunnerWorker.run(SuiteRunnerWorker.java:95)
  org.testng.TestNG.runSuitesSequentially(TestNG.java:1249)
  org.testng.TestNG.runSuitesLocally(TestNG.java:1169)
  org.testng.TestNG.runSuites(TestNG.java:1092)
  org.testng.TestNG.run(TestNG.java:1060)
  com.intellij.rt.testng.IDEARemoteTestNG.run(IDEARemoteTestNG.java:66)
  com.intellij.rt.testng.RemoteTestNGStarter.main(RemoteTestNGStarter.java:109)
Caused by: org.openqa.selenium.WebDriverException: Timed out waiting for driver process to start.
Build info: version: '4.9.0', revision: 'd7057100a6'
System info: os.name: 'Windows 10', os.arch: 'amd64', os.version: '10.0', java.version: '1.8.0_121'
Driver info: driver.version: ChromeDriver
  org.openqa.selenium.remote.service.DriverService.start(DriverService.java:208)
  org.openqa.selenium.remote.service.DriverCommandExecutor.execute(DriverCommandExecutor.java:114)
  org.openqa.selenium.remote.RemoteWebDriver.execute(RemoteWebDriver.java:543)
  org.openqa.selenium.remote.RemoteWebDriver.startSession(RemoteWebDriver.java:229)
  org.openqa.selenium.remote.RemoteWebDriver.<init>(RemoteWebDriver.java:157)
  org.openqa.selenium.chromium.ChromiumDriver.<init>(ChromiumDriver.java:101)
  org.openqa.selenium.chrome.ChromeDriver.<init>(ChromeDriver.java:88)
  org.openqa.selenium.chrome.ChromeDriver.<init>(ChromeDriver.java:84)
  org.openqa.selenium.chrome.ChromeDriver.<init>(ChromeDriver.java:52)
  com.nopcommerce.demo.browserfactory.ManageBrowser.selectBrowser(ManageBrowser.java:25)
  com.nopcommerce.demo.testbase.BaseTest.setUp(BaseTest.java:15)
  sun.reflect.NativeMethodAccessorImpl.invoke0(Native Method)
  sun.reflect.NativeMethodAccessorImpl.invoke(NativeMethodAccessorImpl.java:62)
  sun.reflect.DelegatingMethodAccessorImpl.invoke(DelegatingMethodAccessorImpl.java:43)
  java.lang.reflect.Method.invoke(Method.java:498)
  org.testng.internal.invokers.MethodInvocationHelper.invokeMethod(MethodInvocationHelper.java:135)
  org.testng.internal.invokers.MethodInvocationHelper.invokeMethodConsideringTimeout(MethodInvocationHelper.java:65)
  org.testng.internal.invokers.ConfigInvoker.invokeConfigurationMethod(ConfigInvoker.java:381)
  org.testng.internal.invokers.ConfigInvoker.invokeConfigurations(ConfigInvoker.java:319)
  org.testng.internal.invokers.TestInvoker.runConfigMethods(TestInvoker.java:803)
  org.testng.internal.invokers.TestInvoker.invokeMethod(TestInvoker.java:589)
  org.testng.internal.invokers.TestInvoker.invokeTestMethod(TestInvoker.java:220)
  org.testng.internal.invokers.MethodRunner.runInSequence(MethodRunner.java:50)
  org.testng.internal.invokers.TestInvoker$MethodInvocationAgent.invoke(TestInvoker.java:945)
  org.testng.internal.invokers.TestInvoker.invokeTestMethods(TestInvoker.java:193)
  org.testng.internal.invokers.TestMethodWorker.invokeTestMethods(TestMethodWorker.java:146)
  org.testng.internal.invokers.TestMethodWorker.run(TestMethodWorker.java:128)
  java.util.ArrayList.forEach(ArrayList.java:1249)
  org.testng.TestRunner.privateRun(TestRunner.java:808)
  org.testng.TestRunner.run(TestRunner.java:603)
  org.testng.SuiteRunner.runTest(SuiteRunner.java:429)
  org.testng.SuiteRunner.runSequentially(SuiteRunner.java:423)
  org.testng.SuiteRunner.privateRun(SuiteRunner.java:383)
  org.testng.SuiteRunner.run(SuiteRunner.java:326)
  org.testng.SuiteRunnerWorker.runSuite(SuiteRunnerWorker.java:52)
  org.testng.SuiteRunnerWorker.run(SuiteRunnerWorker.java:95)
  org.testng.TestNG.runSuitesSequentially(TestNG.java:1249)
  org.testng.TestNG.runSuitesLocally(TestNG.java:1169)
  org.testng.TestNG.runSuites(TestNG.java:1092)
  org.testng.TestNG.run(TestNG.java:1060)
  com.intellij.rt.testng.IDEARemoteTestNG.run(IDEARemoteTestNG.java:66)
  com.intellij.rt.testng.RemoteTestNGStarter.main(RemoteTestNGStarter.java:109)
]]>
      </failure>

          </testcase>
  
            <testcase name="verifyThatTheProductAddedSuccessfullyAndPlaceOrderSuccessfully" time="0.0" classname="com.nopcommerce.demo.testsuite.ElectronicMenu">
          <skipped />
    </testcase>
  
  
</testsuite>
